/home/filip/ros2_ws/install/colreg_package/lib/python3.10/site-packages/colreg_package/turtle_positioning.py
/home/filip/ros2_ws/install/colreg_package/lib/python3.10/site-packages/colreg_package/own_ship_control.py
/home/filip/ros2_ws/install/colreg_package/lib/python3.10/site-packages/colreg_package/collision_scenario_calculation.py
/home/filip/ros2_ws/install/colreg_package/lib/python3.10/site-packages/colreg_package/__init__.py
/home/filip/ros2_ws/install/colreg_package/lib/python3.10/site-packages/colreg_package/target_ship_control.py
/home/filip/ros2_ws/install/colreg_package/lib/python3.10/site-packages/colreg_package/__pycache__/turtle_positioning.cpython-310.pyc
/home/filip/ros2_ws/install/colreg_package/lib/python3.10/site-packages/colreg_package/__pycache__/own_ship_control.cpython-310.pyc
/home/filip/ros2_ws/install/colreg_package/lib/python3.10/site-packages/colreg_package/__pycache__/collision_scenario_calculation.cpython-310.pyc
/home/filip/ros2_ws/install/colreg_package/lib/python3.10/site-packages/colreg_package/__pycache__/__init__.cpython-310.pyc
/home/filip/ros2_ws/install/colreg_package/lib/python3.10/site-packages/colreg_package/__pycache__/target_ship_control.cpython-310.pyc
/home/filip/ros2_ws/install/colreg_package/share/ament_index/resource_index/packages/colreg_package
/home/filip/ros2_ws/install/colreg_package/share/colreg_package/package.xml
/home/filip/ros2_ws/install/colreg_package/share/colreg_package/launch/demo.launch.py
/home/filip/ros2_ws/install/colreg_package/share/colreg_package/parameters/crossing_starboard.yaml
/home/filip/ros2_ws/install/colreg_package/share/colreg_package/parameters/overtaking.yaml
/home/filip/ros2_ws/install/colreg_package/share/colreg_package/parameters/head_on.yaml
/home/filip/ros2_ws/install/colreg_package/share/colreg_package/parameters/crossing_port.yaml
/home/filip/ros2_ws/install/colreg_package/lib/python3.10/site-packages/colreg_package-0.0.0-py3.10.egg-info/requires.txt
/home/filip/ros2_ws/install/colreg_package/lib/python3.10/site-packages/colreg_package-0.0.0-py3.10.egg-info/entry_points.txt
/home/filip/ros2_ws/install/colreg_package/lib/python3.10/site-packages/colreg_package-0.0.0-py3.10.egg-info/top_level.txt
/home/filip/ros2_ws/install/colreg_package/lib/python3.10/site-packages/colreg_package-0.0.0-py3.10.egg-info/SOURCES.txt
/home/filip/ros2_ws/install/colreg_package/lib/python3.10/site-packages/colreg_package-0.0.0-py3.10.egg-info/PKG-INFO
/home/filip/ros2_ws/install/colreg_package/lib/python3.10/site-packages/colreg_package-0.0.0-py3.10.egg-info/dependency_links.txt
/home/filip/ros2_ws/install/colreg_package/lib/python3.10/site-packages/colreg_package-0.0.0-py3.10.egg-info/zip-safe
/home/filip/ros2_ws/install/colreg_package/lib/colreg_package/collision_scenario_calculation
/home/filip/ros2_ws/install/colreg_package/lib/colreg_package/own_ship_control
/home/filip/ros2_ws/install/colreg_package/lib/colreg_package/position
/home/filip/ros2_ws/install/colreg_package/lib/colreg_package/target_ship_control
